  pch.cpp
  aim.cpp
C:\Users\23035\Desktop\CS2-AimBot\CS2-AimBot\tool.h(10,2): warning C4091: “typedef ”: 没有声明变量时忽略“window_size”的左侧
  (编译源文件“aim.cpp”)
  
C:\Users\23035\Desktop\CS2-AimBot\CS2-AimBot\aim.cpp(67,45): warning C4244: “=”: 从“double”转换到“float”，可能丢失数据
C:\Users\23035\Desktop\CS2-AimBot\CS2-AimBot\aim.cpp(68,45): warning C4244: “=”: 从“double”转换到“float”，可能丢失数据
C:\Users\23035\Desktop\CS2-AimBot\CS2-AimBot\aim.cpp(95,36): warning C4244: “参数”: 从“double”转换到“float”，可能丢失数据
C:\Users\23035\Desktop\CS2-AimBot\CS2-AimBot\aim.cpp(95,66): warning C4244: “参数”: 从“double”转换到“float”，可能丢失数据
C:\Users\23035\Desktop\CS2-AimBot\CS2-AimBot\aim.cpp(96,24): warning C4244: “参数”: 从“double”转换到“float”，可能丢失数据
C:\Users\23035\Desktop\CS2-AimBot\CS2-AimBot\aim.cpp(96,54): warning C4244: “参数”: 从“double”转换到“float”，可能丢失数据
C:\Users\23035\Desktop\CS2-AimBot\CS2-AimBot\aim.cpp(97,25): warning C4244: “参数”: 从“double”转换到“float”，可能丢失数据
  Bone.cpp
C:\Users\23035\Desktop\CS2-AimBot\CS2-AimBot\tool.h(10,2): warning C4091: “typedef ”: 没有声明变量时忽略“window_size”的左侧
  (编译源文件“Bone.cpp”)
  
  MyD3d11.cpp
  MyD3D_Utils.cpp
  dllmain.cpp
C:\Users\23035\Desktop\CS2-AimBot\CS2-AimBot\tool.h(10,2): warning C4091: “typedef ”: 没有声明变量时忽略“window_size”的左侧
  (编译源文件“dllmain.cpp”)
  
  cgametracemanager.cpp
  entity.cpp
  esp.cpp
C:\Users\23035\Desktop\CS2-AimBot\CS2-AimBot\render.h(18,105): warning C4244: “参数”: 从“int”转换到“float”，可能丢失数据
  (编译源文件“esp.cpp”)
  
C:\Users\23035\Desktop\CS2-AimBot\CS2-AimBot\render.h(18,79): warning C4244: “参数”: 从“int”转换到“float”，可能丢失数据
  (编译源文件“esp.cpp”)
  
C:\Users\23035\Desktop\CS2-AimBot\CS2-AimBot\render.h(18,72): warning C4244: “参数”: 从“int”转换到“float”，可能丢失数据
  (编译源文件“esp.cpp”)
  
C:\Users\23035\Desktop\CS2-AimBot\CS2-AimBot\render.h(18,59): warning C4244: “参数”: 从“int”转换到“float”，可能丢失数据
  (编译源文件“esp.cpp”)
  
C:\Users\23035\Desktop\CS2-AimBot\CS2-AimBot\render.h(18,56): warning C4244: “参数”: 从“int”转换到“float”，可能丢失数据
  (编译源文件“esp.cpp”)
  
C:\Users\23035\Desktop\CS2-AimBot\CS2-AimBot\render.h(23,95): warning C4244: “参数”: 从“int”转换到“float”，可能丢失数据
  (编译源文件“esp.cpp”)
  
C:\Users\23035\Desktop\CS2-AimBot\CS2-AimBot\render.h(23,76): warning C4244: “参数”: 从“int”转换到“float”，可能丢失数据
  (编译源文件“esp.cpp”)
  
C:\Users\23035\Desktop\CS2-AimBot\CS2-AimBot\render.h(23,72): warning C4244: “参数”: 从“int”转换到“float”，可能丢失数据
  (编译源文件“esp.cpp”)
  
C:\Users\23035\Desktop\CS2-AimBot\CS2-AimBot\render.h(23,60): warning C4244: “参数”: 从“int”转换到“float”，可能丢失数据
  (编译源文件“esp.cpp”)
  
C:\Users\23035\Desktop\CS2-AimBot\CS2-AimBot\render.h(23,56): warning C4244: “参数”: 从“int”转换到“float”，可能丢失数据
  (编译源文件“esp.cpp”)
  
C:\Users\23035\Desktop\CS2-AimBot\CS2-AimBot\esp.cpp(82,25): warning C4838: 从“int”转换到“ImU32”需要收缩转换
C:\Users\23035\Desktop\CS2-AimBot\CS2-AimBot\esp.cpp(82,30): warning C4838: 从“int”转换到“ImU32”需要收缩转换
C:\Users\23035\Desktop\CS2-AimBot\CS2-AimBot\esp.cpp(82,35): warning C4838: 从“int”转换到“ImU32”需要收缩转换
C:\Users\23035\Desktop\CS2-AimBot\CS2-AimBot\esp.cpp(160,25): warning C4244: “初始化”: 从“float”转换到“int”，可能丢失数据
C:\Users\23035\Desktop\CS2-AimBot\CS2-AimBot\esp.cpp(161,25): warning C4244: “初始化”: 从“float”转换到“int”，可能丢失数据
C:\Users\23035\Desktop\CS2-AimBot\CS2-AimBot\esp.cpp(179,21): warning C4244: “参数”: 从“float”转换到“int”，可能丢失数据
C:\Users\23035\Desktop\CS2-AimBot\CS2-AimBot\esp.cpp(178,21): warning C4244: “参数”: 从“float”转换到“int”，可能丢失数据
C:\Users\23035\Desktop\CS2-AimBot\CS2-AimBot\esp.cpp(177,31): warning C4244: “参数”: 从“float”转换到“int”，可能丢失数据
C:\Users\23035\Desktop\CS2-AimBot\CS2-AimBot\esp.cpp(176,47): warning C4244: “参数”: 从“float”转换到“int”，可能丢失数据
  global.hpp
  globals.cpp
  hooks.cpp
  imgui.cpp
  imgui_demo.cpp
  imgui_draw.cpp
  imgui_impl_dx11.cpp
  imgui_impl_win32.cpp
  imgui_tables.cpp
  imgui_widgets.cpp
  interfaces.cpp
  math.cpp
  正在生成代码...
C:\Users\23035\Desktop\CS2-AimBot\CS2-AimBot\dllmain.cpp(79,1): warning C4715: “Setup”: 不是所有的控件路径都返回值
C:\Users\23035\Desktop\CS2-AimBot\CS2-AimBot\Bone.cpp(61,1): warning C4715: “CBone::GetBoneData”: 不是所有的控件路径都返回值
  正在编译...
  matrix.cpp
  memory.cpp
  movement.cpp
  qangle.cpp
  Render.cpp
  safetyhook.cpp
  Timer.cpp
  tool.cpp
C:\Users\23035\Desktop\CS2-AimBot\CS2-AimBot\tool.h(10,2): warning C4091: “typedef ”: 没有声明变量时忽略“window_size”的左侧
  (编译源文件“tool.cpp”)
  
C:\Users\23035\Desktop\CS2-AimBot\CS2-AimBot\tool.cpp(61,2): warning C4091: “typedef ”: 没有声明变量时忽略“CViewMatrix”的左侧
C:\Users\23035\Desktop\CS2-AimBot\CS2-AimBot\tool.cpp(81,10): warning C4244: “初始化”: 从“double”转换到“float”，可能丢失数据
C:\Users\23035\Desktop\CS2-AimBot\CS2-AimBot\tool.cpp(125,30): warning C4305: “初始化”: 从“double”到“float”截断
C:\Users\23035\Desktop\CS2-AimBot\CS2-AimBot\tool.cpp(127,14): warning C4244: “初始化”: 从“double”转换到“float”，可能丢失数据
C:\Users\23035\Desktop\CS2-AimBot\CS2-AimBot\tool.cpp(132,51): warning C4244: “参数”: 从“double”转换到“float”，可能丢失数据
C:\Users\23035\Desktop\CS2-AimBot\CS2-AimBot\tool.cpp(133,53): warning C4244: “参数”: 从“double”转换到“float”，可能丢失数据
  vector.cpp
C:\Users\23035\Desktop\CS2-AimBot\CS2-AimBot\vector.cpp(69,11): warning C4244: “初始化”: 从“int”转换到“float”，可能丢失数据
C:\Users\23035\Desktop\CS2-AimBot\CS2-AimBot\vector.cpp(70,11): warning C4244: “初始化”: 从“int”转换到“float”，可能丢失数据
  正在生成代码...
  buffer.c
  hde32.c
  hde64.c
  hook.c
  trampoline.c
  Zydis.c
  正在生成代码...
  LINK : 没有找到 C:\Users\23035\Desktop\CS2-AimBot\x64\Debug\CS2-AimBot.dll 或上一个增量链接没有生成它；正在执行完全链接
  CS2-AimBot.vcxproj -> C:\Users\23035\Desktop\CS2-AimBot\x64\Debug\CS2-AimBot.dll
