  Bone.cpp
C:\Users\23035\source\repos\CS2-AimBot\CS2-AimBot\tool.h(10,2): warning C4091: “typedef ”: 没有声明变量时忽略“window_size”的左侧
  (编译源文件“Bone.cpp”)
  
  aim.cpp
C:\Users\23035\source\repos\CS2-AimBot\CS2-AimBot\tool.h(10,2): warning C4091: “typedef ”: 没有声明变量时忽略“window_size”的左侧
  (编译源文件“aim.cpp”)
  
C:\Users\23035\source\repos\CS2-AimBot\CS2-AimBot\aim.cpp(65,45): warning C4244: “=”: 从“double”转换到“float”，可能丢失数据
C:\Users\23035\source\repos\CS2-AimBot\CS2-AimBot\aim.cpp(66,45): warning C4244: “=”: 从“double”转换到“float”，可能丢失数据
C:\Users\23035\source\repos\CS2-AimBot\CS2-AimBot\aim.cpp(93,36): warning C4244: “参数”: 从“double”转换到“float”，可能丢失数据
C:\Users\23035\source\repos\CS2-AimBot\CS2-AimBot\aim.cpp(93,66): warning C4244: “参数”: 从“double”转换到“float”，可能丢失数据
C:\Users\23035\source\repos\CS2-AimBot\CS2-AimBot\aim.cpp(94,24): warning C4244: “参数”: 从“double”转换到“float”，可能丢失数据
C:\Users\23035\source\repos\CS2-AimBot\CS2-AimBot\aim.cpp(94,54): warning C4244: “参数”: 从“double”转换到“float”，可能丢失数据
C:\Users\23035\source\repos\CS2-AimBot\CS2-AimBot\aim.cpp(95,25): warning C4244: “参数”: 从“double”转换到“float”，可能丢失数据
  cgametracemanager.cpp
  dllmain.cpp
C:\Users\23035\source\repos\CS2-AimBot\CS2-AimBot\tool.h(10,2): warning C4091: “typedef ”: 没有声明变量时忽略“window_size”的左侧
  (编译源文件“dllmain.cpp”)
  
  entity.cpp
  esp.cpp
C:\Users\23035\source\repos\CS2-AimBot\CS2-AimBot\render.h(18,105): warning C4244: “参数”: 从“int”转换到“float”，可能丢失数据
  (编译源文件“esp.cpp”)
  
C:\Users\23035\source\repos\CS2-AimBot\CS2-AimBot\render.h(18,79): warning C4244: “参数”: 从“int”转换到“float”，可能丢失数据
  (编译源文件“esp.cpp”)
  
C:\Users\23035\source\repos\CS2-AimBot\CS2-AimBot\render.h(18,72): warning C4244: “参数”: 从“int”转换到“float”，可能丢失数据
  (编译源文件“esp.cpp”)
  
C:\Users\23035\source\repos\CS2-AimBot\CS2-AimBot\render.h(18,59): warning C4244: “参数”: 从“int”转换到“float”，可能丢失数据
  (编译源文件“esp.cpp”)
  
C:\Users\23035\source\repos\CS2-AimBot\CS2-AimBot\render.h(18,56): warning C4244: “参数”: 从“int”转换到“float”，可能丢失数据
  (编译源文件“esp.cpp”)
  
C:\Users\23035\source\repos\CS2-AimBot\CS2-AimBot\render.h(23,95): warning C4244: “参数”: 从“int”转换到“float”，可能丢失数据
  (编译源文件“esp.cpp”)
  
C:\Users\23035\source\repos\CS2-AimBot\CS2-AimBot\render.h(23,76): warning C4244: “参数”: 从“int”转换到“float”，可能丢失数据
  (编译源文件“esp.cpp”)
  
C:\Users\23035\source\repos\CS2-AimBot\CS2-AimBot\render.h(23,72): warning C4244: “参数”: 从“int”转换到“float”，可能丢失数据
  (编译源文件“esp.cpp”)
  
C:\Users\23035\source\repos\CS2-AimBot\CS2-AimBot\render.h(23,60): warning C4244: “参数”: 从“int”转换到“float”，可能丢失数据
  (编译源文件“esp.cpp”)
  
C:\Users\23035\source\repos\CS2-AimBot\CS2-AimBot\render.h(23,56): warning C4244: “参数”: 从“int”转换到“float”，可能丢失数据
  (编译源文件“esp.cpp”)
  
C:\Users\23035\source\repos\CS2-AimBot\CS2-AimBot\esp.cpp(82,35): warning C4838: 从“int”转换到“float”需要收缩转换
C:\Users\23035\source\repos\CS2-AimBot\CS2-AimBot\esp.cpp(82,35): warning C4244: “初始化”: 从“int”转换到“float”，可能丢失数据
C:\Users\23035\source\repos\CS2-AimBot\CS2-AimBot\esp.cpp(82,40): warning C4838: 从“int”转换到“float”需要收缩转换
C:\Users\23035\source\repos\CS2-AimBot\CS2-AimBot\esp.cpp(82,40): warning C4244: “初始化”: 从“int”转换到“float”，可能丢失数据
C:\Users\23035\source\repos\CS2-AimBot\CS2-AimBot\esp.cpp(82,45): warning C4838: 从“int”转换到“float”需要收缩转换
C:\Users\23035\source\repos\CS2-AimBot\CS2-AimBot\esp.cpp(82,45): warning C4244: “初始化”: 从“int”转换到“float”，可能丢失数据
C:\Users\23035\source\repos\CS2-AimBot\CS2-AimBot\esp.cpp(160,25): warning C4244: “初始化”: 从“float”转换到“int”，可能丢失数据
C:\Users\23035\source\repos\CS2-AimBot\CS2-AimBot\esp.cpp(161,25): warning C4244: “初始化”: 从“float”转换到“int”，可能丢失数据
C:\Users\23035\source\repos\CS2-AimBot\CS2-AimBot\esp.cpp(175,79): warning C4244: “参数”: 从“int”转换到“float”，可能丢失数据
C:\Users\23035\source\repos\CS2-AimBot\CS2-AimBot\esp.cpp(175,66): warning C4244: “参数”: 从“int”转换到“float”，可能丢失数据
C:\Users\23035\source\repos\CS2-AimBot\CS2-AimBot\esp.cpp(175,51): warning C4244: “参数”: 从“int”转换到“float”，可能丢失数据
C:\Users\23035\source\repos\CS2-AimBot\CS2-AimBot\esp.cpp(175,36): warning C4244: “参数”: 从“int”转换到“float”，可能丢失数据
  hooks.cpp
  interfaces.cpp
  tool.cpp
C:\Users\23035\source\repos\CS2-AimBot\CS2-AimBot\tool.h(10,2): warning C4091: “typedef ”: 没有声明变量时忽略“window_size”的左侧
  (编译源文件“tool.cpp”)
  
C:\Users\23035\source\repos\CS2-AimBot\CS2-AimBot\tool.cpp(61,2): warning C4091: “typedef ”: 没有声明变量时忽略“CViewMatrix”的左侧
C:\Users\23035\source\repos\CS2-AimBot\CS2-AimBot\tool.cpp(81,10): warning C4244: “初始化”: 从“double”转换到“float”，可能丢失数据
C:\Users\23035\source\repos\CS2-AimBot\CS2-AimBot\tool.cpp(125,30): warning C4305: “初始化”: 从“double”到“float”截断
C:\Users\23035\source\repos\CS2-AimBot\CS2-AimBot\tool.cpp(127,14): warning C4244: “初始化”: 从“double”转换到“float”，可能丢失数据
C:\Users\23035\source\repos\CS2-AimBot\CS2-AimBot\tool.cpp(132,51): warning C4244: “参数”: 从“double”转换到“float”，可能丢失数据
C:\Users\23035\source\repos\CS2-AimBot\CS2-AimBot\tool.cpp(133,53): warning C4244: “参数”: 从“double”转换到“float”，可能丢失数据
  正在生成代码
  Previous IPDB and IOBJ mismatch, fall back to full compilation.
C:\Users\23035\source\repos\CS2-AimBot\CS2-AimBot\Bone.cpp(61): warning C4715: “CBone::GetBoneData”: 不是所有的控件路径都返回值
C:\Users\23035\source\repos\CS2-AimBot\CS2-AimBot\dllmain.cpp(79): warning C4715: “Setup”: 不是所有的控件路径都返回值
  All 1763 functions were compiled because no usable IPDB/IOBJ from previous compilation was found.
  已完成代码的生成
  CS2-AimBot.vcxproj -> C:\Users\23035\source\repos\CS2-AimBot\x64\Release\CS2-AimBot.dll
